<?xml version="1.0" encoding="UTF-8"?>
<!-- Generated by org.testng.reporters.JUnitReportReporter -->
<testsuite hostname="DESKTOP-UFNGLIU" failures="0" tests="5" name="testcomponent.FinalTest" time="209.437" errors="0" timestamp="2023-06-14T13:42:57 IST" skipped="0">
  <testcase classname="testcomponent.FinalTest" name="execution03" time="84.203"/>
  <system-out/>
  <testcase classname="testcomponent.FinalTest" name="execution02" time="28.710"/>
  <system-out/>
  <testcase classname="testcomponent.FinalTest" name="execution04" time="40.482"/>
  <system-out/>
  <testcase classname="testcomponent.FinalTest" name="execution05" time="30.358"/>
  <system-out/>
  <testcase classname="testcomponent.FinalTest" name="execution01" time="25.684"/>
  <system-out/>
</testsuite> <!-- testcomponent.FinalTest -->
