<?xml version="1.0" encoding="UTF-8"?>
<!-- Generated by org.testng.reporters.JUnitReportReporter -->
<testsuite hostname="DESKTOP-UFNGLIU" failures="0" tests="3" name="com.Learn1.Automation" time="0.040" errors="0" timestamp="2023-04-04T08:21:41 IST" skipped="0">
  <testcase classname="com.Learn1.Automation" name="test1" time="0.034"/>
  <system-out/>
  <testcase classname="com.Learn1.Automation" name="test3" time="0.003"/>
  <system-out/>
  <testcase classname="com.Learn1.Automation" name="test2" time="0.003"/>
  <system-out/>
</testsuite> <!-- com.Learn1.Automation -->
